System Time: 2025-03-04 00:22:25,679 - Event: Machine 3 initialized with clock rate: 6 ticks/second
System Time: 2025-03-04 00:22:27,689 - Event: Machine 3 accepted connection from Machine 1
System Time: 2025-03-04 00:22:27,690 - Event: Machine 3 accepted connection from Machine 2
System Time: 2025-03-04 00:22:28,691 - Event: Machine 3 RECEIVED message from Machine 2| Queue Length: 2 | Local Clock: 0, Sender Clock: 1, New Clock: 2 (Drift: 1)
System Time: 2025-03-04 00:22:28,692 - Event: Machine 3 RECEIVED message from Machine 1| Queue Length: 1 | Local Clock: 2, Sender Clock: 6, New Clock: 7 (Drift: 4)
System Time: 2025-03-04 00:22:28,692 - Event: Machine 3 RECEIVED message from Machine 1| Queue Length: 0 | Local Clock: 7, Sender Clock: 8, New Clock: 9 (Drift: 1)
System Time: 2025-03-04 00:22:28,692 - Event: Machine 3 INTERNAL EVENT - Logical Clock: 10
System Time: 2025-03-04 00:22:28,692 - Event: Machine 3 INTERNAL EVENT - Logical Clock: 11
System Time: 2025-03-04 00:22:28,693 - Event: Machine 3 SENT message to machines [2] - Logical Clock: 12
System Time: 2025-03-04 00:22:29,722 - Event: Machine 3 RECEIVED message from Machine 1| Queue Length: 0 | Local Clock: 12, Sender Clock: 9, New Clock: 13 (Drift: 0)
System Time: 2025-03-04 00:22:29,722 - Event: Machine 3 INTERNAL EVENT - Logical Clock: 14
System Time: 2025-03-04 00:22:29,723 - Event: Machine 3 SENT message to machines [1] - Logical Clock: 15
System Time: 2025-03-04 00:22:29,723 - Event: Machine 3 INTERNAL EVENT - Logical Clock: 16
System Time: 2025-03-04 00:22:29,723 - Event: Machine 3 SENT message to machines [1] - Logical Clock: 17
System Time: 2025-03-04 00:22:29,723 - Event: Machine 3 INTERNAL EVENT - Logical Clock: 18
System Time: 2025-03-04 00:22:30,751 - Event: Machine 3 SENT message to machines [1, 2] - Logical Clock: 19
System Time: 2025-03-04 00:22:30,752 - Event: Machine 3 INTERNAL EVENT - Logical Clock: 20
System Time: 2025-03-04 00:22:30,752 - Event: Machine 3 INTERNAL EVENT - Logical Clock: 21
System Time: 2025-03-04 00:22:30,752 - Event: Machine 3 SENT message to machines [1] - Logical Clock: 22
System Time: 2025-03-04 00:22:30,752 - Event: Machine 3 SENT message to machines [1] - Logical Clock: 23
System Time: 2025-03-04 00:22:30,753 - Event: Machine 3 SENT message to machines [1] - Logical Clock: 24
System Time: 2025-03-04 00:22:31,787 - Event: Machine 3 SENT message to machines [2] - Logical Clock: 25
System Time: 2025-03-04 00:22:31,787 - Event: Machine 3 INTERNAL EVENT - Logical Clock: 26
System Time: 2025-03-04 00:22:31,787 - Event: Machine 3 SENT message to machines [2] - Logical Clock: 27
System Time: 2025-03-04 00:22:31,788 - Event: Machine 3 INTERNAL EVENT - Logical Clock: 28
System Time: 2025-03-04 00:22:31,788 - Event: Machine 3 INTERNAL EVENT - Logical Clock: 29
System Time: 2025-03-04 00:22:31,788 - Event: Machine 3 INTERNAL EVENT - Logical Clock: 30
System Time: 2025-03-04 00:22:32,819 - Event: Machine 3 INTERNAL EVENT - Logical Clock: 31
System Time: 2025-03-04 00:22:32,819 - Event: Machine 3 INTERNAL EVENT - Logical Clock: 32
System Time: 2025-03-04 00:22:32,819 - Event: Machine 3 SENT message to machines [2] - Logical Clock: 33
System Time: 2025-03-04 00:22:32,820 - Event: Machine 3 INTERNAL EVENT - Logical Clock: 34
System Time: 2025-03-04 00:22:32,820 - Event: Machine 3 SENT message to machines [1, 2] - Logical Clock: 35
System Time: 2025-03-04 00:22:32,820 - Event: Machine 3 SENT message to machines [1, 2] - Logical Clock: 36
System Time: 2025-03-04 00:22:33,845 - Event: Machine 3 INTERNAL EVENT - Logical Clock: 37
System Time: 2025-03-04 00:22:33,846 - Event: Machine 3 INTERNAL EVENT - Logical Clock: 38
System Time: 2025-03-04 00:22:33,846 - Event: Machine 3 SENT message to machines [1, 2] - Logical Clock: 39
System Time: 2025-03-04 00:22:33,846 - Event: Machine 3 INTERNAL EVENT - Logical Clock: 40
System Time: 2025-03-04 00:22:33,846 - Event: Machine 3 INTERNAL EVENT - Logical Clock: 41
System Time: 2025-03-04 00:22:33,847 - Event: Machine 3 INTERNAL EVENT - Logical Clock: 42
System Time: 2025-03-04 00:22:34,875 - Event: Machine 3 RECEIVED message from Machine 1| Queue Length: 0 | Local Clock: 42, Sender Clock: 41, New Clock: 43 (Drift: 0)
System Time: 2025-03-04 00:22:34,876 - Event: Machine 3 INTERNAL EVENT - Logical Clock: 44
System Time: 2025-03-04 00:22:34,876 - Event: Machine 3 SENT message to machines [1, 2] - Logical Clock: 45
System Time: 2025-03-04 00:22:34,877 - Event: Machine 3 INTERNAL EVENT - Logical Clock: 46
System Time: 2025-03-04 00:22:34,877 - Event: Machine 3 SENT message to machines [1] - Logical Clock: 47
System Time: 2025-03-04 00:22:34,877 - Event: Machine 3 SENT message to machines [1, 2] - Logical Clock: 48
System Time: 2025-03-04 00:22:35,909 - Event: Machine 3 SENT message to machines [2] - Logical Clock: 49
System Time: 2025-03-04 00:22:35,909 - Event: Machine 3 SENT message to machines [2] - Logical Clock: 50
System Time: 2025-03-04 00:22:35,909 - Event: Machine 3 INTERNAL EVENT - Logical Clock: 51
System Time: 2025-03-04 00:22:35,909 - Event: Machine 3 SENT message to machines [1, 2] - Logical Clock: 52
System Time: 2025-03-04 00:22:35,910 - Event: Machine 3 INTERNAL EVENT - Logical Clock: 53
System Time: 2025-03-04 00:22:35,910 - Event: Machine 3 INTERNAL EVENT - Logical Clock: 54
System Time: 2025-03-04 00:22:36,948 - Event: Machine 3 INTERNAL EVENT - Logical Clock: 55
System Time: 2025-03-04 00:22:36,949 - Event: Machine 3 INTERNAL EVENT - Logical Clock: 56
System Time: 2025-03-04 00:22:36,949 - Event: Machine 3 INTERNAL EVENT - Logical Clock: 57
System Time: 2025-03-04 00:22:36,949 - Event: Machine 3 INTERNAL EVENT - Logical Clock: 58
System Time: 2025-03-04 00:22:36,949 - Event: Machine 3 INTERNAL EVENT - Logical Clock: 59
System Time: 2025-03-04 00:22:36,949 - Event: Machine 3 INTERNAL EVENT - Logical Clock: 60
System Time: 2025-03-04 00:22:37,982 - Event: Machine 3 RECEIVED message from Machine 1| Queue Length: 0 | Local Clock: 60, Sender Clock: 58, New Clock: 61 (Drift: 0)
System Time: 2025-03-04 00:22:37,983 - Event: Machine 3 INTERNAL EVENT - Logical Clock: 62
System Time: 2025-03-04 00:22:37,983 - Event: Machine 3 SENT message to machines [1, 2] - Logical Clock: 63
System Time: 2025-03-04 00:22:37,983 - Event: Machine 3 INTERNAL EVENT - Logical Clock: 64
System Time: 2025-03-04 00:22:37,983 - Event: Machine 3 INTERNAL EVENT - Logical Clock: 65
System Time: 2025-03-04 00:22:37,983 - Event: Machine 3 INTERNAL EVENT - Logical Clock: 66
System Time: 2025-03-04 00:22:39,019 - Event: Machine 3 INTERNAL EVENT - Logical Clock: 67
System Time: 2025-03-04 00:22:39,019 - Event: Machine 3 SENT message to machines [1, 2] - Logical Clock: 68
System Time: 2025-03-04 00:22:39,020 - Event: Machine 3 INTERNAL EVENT - Logical Clock: 69
System Time: 2025-03-04 00:22:39,020 - Event: Machine 3 INTERNAL EVENT - Logical Clock: 70
System Time: 2025-03-04 00:22:39,020 - Event: Machine 3 INTERNAL EVENT - Logical Clock: 71
System Time: 2025-03-04 00:22:39,020 - Event: Machine 3 INTERNAL EVENT - Logical Clock: 72
System Time: 2025-03-04 00:22:40,061 - Event: Machine 3 INTERNAL EVENT - Logical Clock: 73
System Time: 2025-03-04 00:22:40,061 - Event: Machine 3 SENT message to machines [1, 2] - Logical Clock: 74
System Time: 2025-03-04 00:22:40,062 - Event: Machine 3 INTERNAL EVENT - Logical Clock: 75
System Time: 2025-03-04 00:22:40,062 - Event: Machine 3 INTERNAL EVENT - Logical Clock: 76
System Time: 2025-03-04 00:22:40,062 - Event: Machine 3 SENT message to machines [2] - Logical Clock: 77
System Time: 2025-03-04 00:22:40,062 - Event: Machine 3 SENT message to machines [1] - Logical Clock: 78
System Time: 2025-03-04 00:22:41,094 - Event: Machine 3 INTERNAL EVENT - Logical Clock: 79
System Time: 2025-03-04 00:22:41,094 - Event: Machine 3 INTERNAL EVENT - Logical Clock: 80
System Time: 2025-03-04 00:22:41,094 - Event: Machine 3 INTERNAL EVENT - Logical Clock: 81
System Time: 2025-03-04 00:22:41,095 - Event: Machine 3 SENT message to machines [1] - Logical Clock: 82
System Time: 2025-03-04 00:22:41,095 - Event: Machine 3 INTERNAL EVENT - Logical Clock: 83
System Time: 2025-03-04 00:22:41,095 - Event: Machine 3 SENT message to machines [1, 2] - Logical Clock: 84
System Time: 2025-03-04 00:22:42,138 - Event: Machine 3 INTERNAL EVENT - Logical Clock: 85
System Time: 2025-03-04 00:22:42,138 - Event: Machine 3 INTERNAL EVENT - Logical Clock: 86
System Time: 2025-03-04 00:22:42,138 - Event: Machine 3 SENT message to machines [1] - Logical Clock: 87
System Time: 2025-03-04 00:22:42,138 - Event: Machine 3 INTERNAL EVENT - Logical Clock: 88
System Time: 2025-03-04 00:22:42,138 - Event: Machine 3 SENT message to machines [1] - Logical Clock: 89
System Time: 2025-03-04 00:22:42,139 - Event: Machine 3 INTERNAL EVENT - Logical Clock: 90
System Time: 2025-03-04 00:22:43,166 - Event: Machine 3 SENT message to machines [1, 2] - Logical Clock: 91
System Time: 2025-03-04 00:22:43,166 - Event: Machine 3 INTERNAL EVENT - Logical Clock: 92
System Time: 2025-03-04 00:22:43,167 - Event: Machine 3 INTERNAL EVENT - Logical Clock: 93
System Time: 2025-03-04 00:22:43,167 - Event: Machine 3 INTERNAL EVENT - Logical Clock: 94
System Time: 2025-03-04 00:22:43,167 - Event: Machine 3 INTERNAL EVENT - Logical Clock: 95
System Time: 2025-03-04 00:22:43,167 - Event: Machine 3 INTERNAL EVENT - Logical Clock: 96
System Time: 2025-03-04 00:22:44,209 - Event: Machine 3 RECEIVED message from Machine 1| Queue Length: 0 | Local Clock: 96, Sender Clock: 94, New Clock: 97 (Drift: 0)
System Time: 2025-03-04 00:22:44,210 - Event: Machine 3 INTERNAL EVENT - Logical Clock: 98
System Time: 2025-03-04 00:22:44,210 - Event: Machine 3 INTERNAL EVENT - Logical Clock: 99
System Time: 2025-03-04 00:22:44,210 - Event: Machine 3 INTERNAL EVENT - Logical Clock: 100
System Time: 2025-03-04 00:22:44,210 - Event: Machine 3 INTERNAL EVENT - Logical Clock: 101
System Time: 2025-03-04 00:22:44,210 - Event: Machine 3 INTERNAL EVENT - Logical Clock: 102
System Time: 2025-03-04 00:22:45,243 - Event: Machine 3 RECEIVED message from Machine 1| Queue Length: 0 | Local Clock: 102, Sender Clock: 97, New Clock: 103 (Drift: 0)
System Time: 2025-03-04 00:22:45,244 - Event: Machine 3 INTERNAL EVENT - Logical Clock: 104
System Time: 2025-03-04 00:22:45,244 - Event: Machine 3 INTERNAL EVENT - Logical Clock: 105
System Time: 2025-03-04 00:22:45,244 - Event: Machine 3 SENT message to machines [1] - Logical Clock: 106
System Time: 2025-03-04 00:22:45,245 - Event: Machine 3 INTERNAL EVENT - Logical Clock: 107
System Time: 2025-03-04 00:22:45,245 - Event: Machine 3 SENT message to machines [1, 2] - Logical Clock: 108
System Time: 2025-03-04 00:22:46,288 - Event: Machine 3 INTERNAL EVENT - Logical Clock: 109
System Time: 2025-03-04 00:22:46,288 - Event: Machine 3 SENT message to machines [1, 2] - Logical Clock: 110
System Time: 2025-03-04 00:22:46,289 - Event: Machine 3 INTERNAL EVENT - Logical Clock: 111
System Time: 2025-03-04 00:22:46,289 - Event: Machine 3 INTERNAL EVENT - Logical Clock: 112
System Time: 2025-03-04 00:22:46,289 - Event: Machine 3 SENT message to machines [2] - Logical Clock: 113
System Time: 2025-03-04 00:22:46,289 - Event: Machine 3 INTERNAL EVENT - Logical Clock: 114
System Time: 2025-03-04 00:22:47,327 - Event: Machine 3 SENT message to machines [1, 2] - Logical Clock: 115
System Time: 2025-03-04 00:22:47,328 - Event: Machine 3 INTERNAL EVENT - Logical Clock: 116
System Time: 2025-03-04 00:22:47,328 - Event: Machine 3 INTERNAL EVENT - Logical Clock: 117
System Time: 2025-03-04 00:22:47,328 - Event: Machine 3 INTERNAL EVENT - Logical Clock: 118
System Time: 2025-03-04 00:22:47,328 - Event: Machine 3 INTERNAL EVENT - Logical Clock: 119
System Time: 2025-03-04 00:22:47,328 - Event: Machine 3 INTERNAL EVENT - Logical Clock: 120
System Time: 2025-03-04 00:22:48,359 - Event: Machine 3 INTERNAL EVENT - Logical Clock: 121
System Time: 2025-03-04 00:22:48,359 - Event: Machine 3 INTERNAL EVENT - Logical Clock: 122
System Time: 2025-03-04 00:22:48,359 - Event: Machine 3 SENT message to machines [1, 2] - Logical Clock: 123
System Time: 2025-03-04 00:22:48,359 - Event: Machine 3 INTERNAL EVENT - Logical Clock: 124
System Time: 2025-03-04 00:22:48,359 - Event: Machine 3 SENT message to machines [1] - Logical Clock: 125
System Time: 2025-03-04 00:22:48,359 - Event: Machine 3 INTERNAL EVENT - Logical Clock: 126
System Time: 2025-03-04 00:22:49,398 - Event: Machine 3 SENT message to machines [1] - Logical Clock: 127
System Time: 2025-03-04 00:22:49,399 - Event: Machine 3 INTERNAL EVENT - Logical Clock: 128
System Time: 2025-03-04 00:22:49,399 - Event: Machine 3 INTERNAL EVENT - Logical Clock: 129
System Time: 2025-03-04 00:22:49,399 - Event: Machine 3 INTERNAL EVENT - Logical Clock: 130
System Time: 2025-03-04 00:22:49,399 - Event: Machine 3 INTERNAL EVENT - Logical Clock: 131
System Time: 2025-03-04 00:22:49,399 - Event: Machine 3 SENT message to machines [1] - Logical Clock: 132
System Time: 2025-03-04 00:22:50,438 - Event: Machine 3 RECEIVED message from Machine 1| Queue Length: 0 | Local Clock: 132, Sender Clock: 134, New Clock: 135 (Drift: 2)
System Time: 2025-03-04 00:22:50,438 - Event: Machine 3 INTERNAL EVENT - Logical Clock: 136
System Time: 2025-03-04 00:22:50,438 - Event: Machine 3 INTERNAL EVENT - Logical Clock: 137
System Time: 2025-03-04 00:22:50,438 - Event: Machine 3 SENT message to machines [1, 2] - Logical Clock: 138
System Time: 2025-03-04 00:22:50,439 - Event: Machine 3 SENT message to machines [2] - Logical Clock: 139
System Time: 2025-03-04 00:22:50,439 - Event: Machine 3 INTERNAL EVENT - Logical Clock: 140
System Time: 2025-03-04 00:22:51,471 - Event: Machine 3 RECEIVED message from Machine 1| Queue Length: 1 | Local Clock: 140, Sender Clock: 140, New Clock: 141 (Drift: 0)
System Time: 2025-03-04 00:22:51,471 - Event: Machine 3 RECEIVED message from Machine 1| Queue Length: 0 | Local Clock: 141, Sender Clock: 141, New Clock: 142 (Drift: 0)
System Time: 2025-03-04 00:22:51,471 - Event: Machine 3 INTERNAL EVENT - Logical Clock: 143
System Time: 2025-03-04 00:22:51,471 - Event: Machine 3 SENT message to machines [1] - Logical Clock: 144
System Time: 2025-03-04 00:22:51,471 - Event: Machine 3 INTERNAL EVENT - Logical Clock: 145
System Time: 2025-03-04 00:22:51,471 - Event: Machine 3 INTERNAL EVENT - Logical Clock: 146
System Time: 2025-03-04 00:22:52,508 - Event: Machine 3 RECEIVED message from Machine 1| Queue Length: 0 | Local Clock: 146, Sender Clock: 148, New Clock: 149 (Drift: 2)
System Time: 2025-03-04 00:22:52,508 - Event: Machine 3 SENT message to machines [1, 2] - Logical Clock: 150
System Time: 2025-03-04 00:22:52,508 - Event: Machine 3 INTERNAL EVENT - Logical Clock: 151
System Time: 2025-03-04 00:22:52,509 - Event: Machine 3 INTERNAL EVENT - Logical Clock: 152
System Time: 2025-03-04 00:22:52,509 - Event: Machine 3 SENT message to machines [1] - Logical Clock: 153
System Time: 2025-03-04 00:22:52,509 - Event: Machine 3 INTERNAL EVENT - Logical Clock: 154
System Time: 2025-03-04 00:22:53,540 - Event: Machine 3 INTERNAL EVENT - Logical Clock: 155
System Time: 2025-03-04 00:22:53,540 - Event: Machine 3 INTERNAL EVENT - Logical Clock: 156
System Time: 2025-03-04 00:22:53,541 - Event: Machine 3 INTERNAL EVENT - Logical Clock: 157
System Time: 2025-03-04 00:22:53,541 - Event: Machine 3 SENT message to machines [2] - Logical Clock: 158
System Time: 2025-03-04 00:22:53,541 - Event: Machine 3 SENT message to machines [1] - Logical Clock: 159
System Time: 2025-03-04 00:22:53,541 - Event: Machine 3 INTERNAL EVENT - Logical Clock: 160
System Time: 2025-03-04 00:22:54,583 - Event: Machine 3 RECEIVED message from Machine 1| Queue Length: 0 | Local Clock: 160, Sender Clock: 163, New Clock: 164 (Drift: 3)
System Time: 2025-03-04 00:22:54,583 - Event: Machine 3 INTERNAL EVENT - Logical Clock: 165
System Time: 2025-03-04 00:22:54,583 - Event: Machine 3 SENT message to machines [2] - Logical Clock: 166
System Time: 2025-03-04 00:22:54,583 - Event: Machine 3 INTERNAL EVENT - Logical Clock: 167
System Time: 2025-03-04 00:22:54,584 - Event: Machine 3 SENT message to machines [1, 2] - Logical Clock: 168
System Time: 2025-03-04 00:22:54,584 - Event: Machine 3 SENT message to machines [2] - Logical Clock: 169
System Time: 2025-03-04 00:22:55,620 - Event: Machine 3 SENT message to machines [1, 2] - Logical Clock: 170
System Time: 2025-03-04 00:22:55,620 - Event: Machine 3 INTERNAL EVENT - Logical Clock: 171
System Time: 2025-03-04 00:22:55,620 - Event: Machine 3 INTERNAL EVENT - Logical Clock: 172
System Time: 2025-03-04 00:22:55,621 - Event: Machine 3 INTERNAL EVENT - Logical Clock: 173
System Time: 2025-03-04 00:22:55,621 - Event: Machine 3 SENT message to machines [2] - Logical Clock: 174
System Time: 2025-03-04 00:22:55,621 - Event: Machine 3 SENT message to machines [1, 2] - Logical Clock: 175
System Time: 2025-03-04 00:22:56,655 - Event: Machine 3 RECEIVED message from Machine 1| Queue Length: 0 | Local Clock: 175, Sender Clock: 178, New Clock: 179 (Drift: 3)
System Time: 2025-03-04 00:22:56,655 - Event: Machine 3 INTERNAL EVENT - Logical Clock: 180
System Time: 2025-03-04 00:22:56,655 - Event: Machine 3 INTERNAL EVENT - Logical Clock: 181
System Time: 2025-03-04 00:22:56,655 - Event: Machine 3 INTERNAL EVENT - Logical Clock: 182
System Time: 2025-03-04 00:22:56,655 - Event: Machine 3 INTERNAL EVENT - Logical Clock: 183
System Time: 2025-03-04 00:22:56,655 - Event: Machine 3 SENT message to machines [1] - Logical Clock: 184
System Time: 2025-03-04 00:22:57,691 - Event: Machine 3 RECEIVED message from Machine 1| Queue Length: 1 | Local Clock: 184, Sender Clock: 186, New Clock: 187 (Drift: 2)
System Time: 2025-03-04 00:22:57,692 - Event: Machine 3 RECEIVED message from Machine 1| Queue Length: 0 | Local Clock: 187, Sender Clock: 187, New Clock: 188 (Drift: 0)
System Time: 2025-03-04 00:22:57,692 - Event: Machine 3 SENT message to machines [2] - Logical Clock: 189
System Time: 2025-03-04 00:22:57,692 - Event: Machine 3 INTERNAL EVENT - Logical Clock: 190
System Time: 2025-03-04 00:22:57,692 - Event: Machine 3 SENT message to machines [2] - Logical Clock: 191
System Time: 2025-03-04 00:22:57,693 - Event: Machine 3 INTERNAL EVENT - Logical Clock: 192
System Time: 2025-03-04 00:22:58,729 - Event: Machine 3 RECEIVED message from Machine 1| Queue Length: 0 | Local Clock: 192, Sender Clock: 192, New Clock: 193 (Drift: 0)
System Time: 2025-03-04 00:22:58,729 - Event: Machine 3 INTERNAL EVENT - Logical Clock: 194
System Time: 2025-03-04 00:22:58,729 - Event: Machine 3 INTERNAL EVENT - Logical Clock: 195
System Time: 2025-03-04 00:22:58,729 - Event: Machine 3 INTERNAL EVENT - Logical Clock: 196
System Time: 2025-03-04 00:22:58,729 - Event: Machine 3 INTERNAL EVENT - Logical Clock: 197
System Time: 2025-03-04 00:22:58,730 - Event: Machine 3 INTERNAL EVENT - Logical Clock: 198
System Time: 2025-03-04 00:22:59,765 - Event: Machine 3 RECEIVED message from Machine 1| Queue Length: 0 | Local Clock: 198, Sender Clock: 194, New Clock: 199 (Drift: 0)
System Time: 2025-03-04 00:22:59,766 - Event: Machine 3 SENT message to machines [1] - Logical Clock: 200
System Time: 2025-03-04 00:22:59,766 - Event: Machine 3 INTERNAL EVENT - Logical Clock: 201
System Time: 2025-03-04 00:22:59,766 - Event: Machine 3 INTERNAL EVENT - Logical Clock: 202
System Time: 2025-03-04 00:22:59,766 - Event: Machine 3 SENT message to machines [1] - Logical Clock: 203
System Time: 2025-03-04 00:22:59,766 - Event: Machine 3 INTERNAL EVENT - Logical Clock: 204
System Time: 2025-03-04 00:23:00,802 - Event: Machine 3 RECEIVED message from Machine 1| Queue Length: 0 | Local Clock: 204, Sender Clock: 205, New Clock: 206 (Drift: 1)
System Time: 2025-03-04 00:23:00,802 - Event: Machine 3 INTERNAL EVENT - Logical Clock: 207
System Time: 2025-03-04 00:23:00,802 - Event: Machine 3 SENT message to machines [2] - Logical Clock: 208
System Time: 2025-03-04 00:23:00,802 - Event: Machine 3 INTERNAL EVENT - Logical Clock: 209
System Time: 2025-03-04 00:23:00,803 - Event: Machine 3 INTERNAL EVENT - Logical Clock: 210
System Time: 2025-03-04 00:23:00,803 - Event: Machine 3 SENT message to machines [1, 2] - Logical Clock: 211
System Time: 2025-03-04 00:23:01,834 - Event: Machine 3 RECEIVED message from Machine 1| Queue Length: 1 | Local Clock: 211, Sender Clock: 213, New Clock: 214 (Drift: 2)
System Time: 2025-03-04 00:23:01,834 - Event: Machine 3 RECEIVED message from Machine 1| Queue Length: 0 | Local Clock: 214, Sender Clock: 214, New Clock: 215 (Drift: 0)
System Time: 2025-03-04 00:23:01,834 - Event: Machine 3 INTERNAL EVENT - Logical Clock: 216
System Time: 2025-03-04 00:23:01,834 - Event: Machine 3 INTERNAL EVENT - Logical Clock: 217
System Time: 2025-03-04 00:23:01,834 - Event: Machine 3 INTERNAL EVENT - Logical Clock: 218
System Time: 2025-03-04 00:23:01,835 - Event: Machine 3 SENT message to machines [1] - Logical Clock: 219
System Time: 2025-03-04 00:23:02,874 - Event: Machine 3 INTERNAL EVENT - Logical Clock: 220
System Time: 2025-03-04 00:23:02,874 - Event: Machine 3 INTERNAL EVENT - Logical Clock: 221
System Time: 2025-03-04 00:23:02,874 - Event: Machine 3 SENT message to machines [1, 2] - Logical Clock: 222
System Time: 2025-03-04 00:23:02,874 - Event: Machine 3 INTERNAL EVENT - Logical Clock: 223
System Time: 2025-03-04 00:23:02,875 - Event: Machine 3 SENT message to machines [1, 2] - Logical Clock: 224
System Time: 2025-03-04 00:23:02,875 - Event: Machine 3 INTERNAL EVENT - Logical Clock: 225
System Time: 2025-03-04 00:23:03,915 - Event: Machine 3 INTERNAL EVENT - Logical Clock: 226
System Time: 2025-03-04 00:23:03,915 - Event: Machine 3 SENT message to machines [1] - Logical Clock: 227
System Time: 2025-03-04 00:23:03,915 - Event: Machine 3 INTERNAL EVENT - Logical Clock: 228
System Time: 2025-03-04 00:23:03,916 - Event: Machine 3 INTERNAL EVENT - Logical Clock: 229
System Time: 2025-03-04 00:23:03,916 - Event: Machine 3 SENT message to machines [1, 2] - Logical Clock: 230
System Time: 2025-03-04 00:23:03,916 - Event: Machine 3 INTERNAL EVENT - Logical Clock: 231
System Time: 2025-03-04 00:23:04,959 - Event: Machine 3 INTERNAL EVENT - Logical Clock: 232
System Time: 2025-03-04 00:23:04,959 - Event: Machine 3 INTERNAL EVENT - Logical Clock: 233
System Time: 2025-03-04 00:23:04,960 - Event: Machine 3 SENT message to machines [2] - Logical Clock: 234
System Time: 2025-03-04 00:23:04,960 - Event: Machine 3 SENT message to machines [1, 2] - Logical Clock: 235
System Time: 2025-03-04 00:23:04,960 - Event: Machine 3 INTERNAL EVENT - Logical Clock: 236
System Time: 2025-03-04 00:23:04,960 - Event: Machine 3 INTERNAL EVENT - Logical Clock: 237
System Time: 2025-03-04 00:23:06,000 - Event: Machine 3 INTERNAL EVENT - Logical Clock: 238
System Time: 2025-03-04 00:23:06,001 - Event: Machine 3 INTERNAL EVENT - Logical Clock: 239
System Time: 2025-03-04 00:23:06,001 - Event: Machine 3 INTERNAL EVENT - Logical Clock: 240
System Time: 2025-03-04 00:23:06,001 - Event: Machine 3 INTERNAL EVENT - Logical Clock: 241
System Time: 2025-03-04 00:23:06,001 - Event: Machine 3 INTERNAL EVENT - Logical Clock: 242
System Time: 2025-03-04 00:23:06,001 - Event: Machine 3 INTERNAL EVENT - Logical Clock: 243
System Time: 2025-03-04 00:23:07,039 - Event: Machine 3 RECEIVED message from Machine 1| Queue Length: 0 | Local Clock: 243, Sender Clock: 243, New Clock: 244 (Drift: 0)
System Time: 2025-03-04 00:23:07,039 - Event: Machine 3 INTERNAL EVENT - Logical Clock: 245
System Time: 2025-03-04 00:23:07,039 - Event: Machine 3 INTERNAL EVENT - Logical Clock: 246
System Time: 2025-03-04 00:23:07,040 - Event: Machine 3 INTERNAL EVENT - Logical Clock: 247
System Time: 2025-03-04 00:23:07,040 - Event: Machine 3 INTERNAL EVENT - Logical Clock: 248
System Time: 2025-03-04 00:23:07,040 - Event: Machine 3 SENT message to machines [2] - Logical Clock: 249
System Time: 2025-03-04 00:23:08,073 - Event: Machine 3 RECEIVED message from Machine 1| Queue Length: 0 | Local Clock: 249, Sender Clock: 247, New Clock: 250 (Drift: 0)
System Time: 2025-03-04 00:23:08,073 - Event: Machine 3 INTERNAL EVENT - Logical Clock: 251
System Time: 2025-03-04 00:23:08,074 - Event: Machine 3 SENT message to machines [1] - Logical Clock: 252
System Time: 2025-03-04 00:23:08,074 - Event: Machine 3 INTERNAL EVENT - Logical Clock: 253
System Time: 2025-03-04 00:23:08,074 - Event: Machine 3 INTERNAL EVENT - Logical Clock: 254
System Time: 2025-03-04 00:23:08,074 - Event: Machine 3 INTERNAL EVENT - Logical Clock: 255
System Time: 2025-03-04 00:23:09,105 - Event: Machine 3 INTERNAL EVENT - Logical Clock: 256
System Time: 2025-03-04 00:23:09,105 - Event: Machine 3 INTERNAL EVENT - Logical Clock: 257
System Time: 2025-03-04 00:23:09,105 - Event: Machine 3 INTERNAL EVENT - Logical Clock: 258
System Time: 2025-03-04 00:23:09,106 - Event: Machine 3 INTERNAL EVENT - Logical Clock: 259
System Time: 2025-03-04 00:23:09,106 - Event: Machine 3 INTERNAL EVENT - Logical Clock: 260
System Time: 2025-03-04 00:23:09,106 - Event: Machine 3 SENT message to machines [1] - Logical Clock: 261
System Time: 2025-03-04 00:23:10,146 - Event: Machine 3 RECEIVED message from Machine 1| Queue Length: 0 | Local Clock: 261, Sender Clock: 265, New Clock: 266 (Drift: 4)
System Time: 2025-03-04 00:23:10,146 - Event: Machine 3 SENT message to machines [1] - Logical Clock: 267
System Time: 2025-03-04 00:23:10,146 - Event: Machine 3 INTERNAL EVENT - Logical Clock: 268
System Time: 2025-03-04 00:23:10,147 - Event: Machine 3 SENT message to machines [2] - Logical Clock: 269
System Time: 2025-03-04 00:23:10,147 - Event: Machine 3 INTERNAL EVENT - Logical Clock: 270
System Time: 2025-03-04 00:23:10,147 - Event: Machine 3 INTERNAL EVENT - Logical Clock: 271
System Time: 2025-03-04 00:23:11,182 - Event: Machine 3 RECEIVED message from Machine 1| Queue Length: 0 | Local Clock: 271, Sender Clock: 269, New Clock: 272 (Drift: 0)
System Time: 2025-03-04 00:23:11,183 - Event: Machine 3 SENT message to machines [1] - Logical Clock: 273
System Time: 2025-03-04 00:23:11,183 - Event: Machine 3 INTERNAL EVENT - Logical Clock: 274
System Time: 2025-03-04 00:23:11,183 - Event: Machine 3 INTERNAL EVENT - Logical Clock: 275
System Time: 2025-03-04 00:23:11,183 - Event: Machine 3 INTERNAL EVENT - Logical Clock: 276
System Time: 2025-03-04 00:23:11,184 - Event: Machine 3 INTERNAL EVENT - Logical Clock: 277
System Time: 2025-03-04 00:23:12,220 - Event: Machine 3 RECEIVED message from Machine 1| Queue Length: 0 | Local Clock: 277, Sender Clock: 275, New Clock: 278 (Drift: 0)
System Time: 2025-03-04 00:23:12,220 - Event: Machine 3 SENT message to machines [1, 2] - Logical Clock: 279
System Time: 2025-03-04 00:23:12,221 - Event: Machine 3 SENT message to machines [1, 2] - Logical Clock: 280
System Time: 2025-03-04 00:23:12,221 - Event: Machine 3 SENT message to machines [2] - Logical Clock: 281
System Time: 2025-03-04 00:23:12,221 - Event: Machine 3 SENT message to machines [1, 2] - Logical Clock: 282
System Time: 2025-03-04 00:23:12,222 - Event: Machine 3 INTERNAL EVENT - Logical Clock: 283
System Time: 2025-03-04 00:23:13,259 - Event: Machine 3 INTERNAL EVENT - Logical Clock: 284
System Time: 2025-03-04 00:23:13,260 - Event: Machine 3 SENT message to machines [2] - Logical Clock: 285
System Time: 2025-03-04 00:23:13,260 - Event: Machine 3 INTERNAL EVENT - Logical Clock: 286
System Time: 2025-03-04 00:23:13,261 - Event: Machine 3 INTERNAL EVENT - Logical Clock: 287
System Time: 2025-03-04 00:23:13,261 - Event: Machine 3 INTERNAL EVENT - Logical Clock: 288
System Time: 2025-03-04 00:23:13,261 - Event: Machine 3 INTERNAL EVENT - Logical Clock: 289
System Time: 2025-03-04 00:23:14,304 - Event: Machine 3 RECEIVED message from Machine 1| Queue Length: 1 | Local Clock: 289, Sender Clock: 285, New Clock: 290 (Drift: 0)
System Time: 2025-03-04 00:23:14,305 - Event: Machine 3 RECEIVED message from Machine 1| Queue Length: 0 | Local Clock: 290, Sender Clock: 286, New Clock: 291 (Drift: 0)
System Time: 2025-03-04 00:23:14,305 - Event: Machine 3 SENT message to machines [1, 2] - Logical Clock: 292
System Time: 2025-03-04 00:23:14,306 - Event: Machine 3 SENT message to machines [2] - Logical Clock: 293
System Time: 2025-03-04 00:23:14,306 - Event: Machine 3 SENT message to machines [2] - Logical Clock: 294
System Time: 2025-03-04 00:23:14,306 - Event: Machine 3 INTERNAL EVENT - Logical Clock: 295
System Time: 2025-03-04 00:23:15,338 - Event: Machine 3 INTERNAL EVENT - Logical Clock: 296
System Time: 2025-03-04 00:23:15,339 - Event: Machine 3 SENT message to machines [2] - Logical Clock: 297
System Time: 2025-03-04 00:23:15,339 - Event: Machine 3 INTERNAL EVENT - Logical Clock: 298
System Time: 2025-03-04 00:23:15,339 - Event: Machine 3 SENT message to machines [1, 2] - Logical Clock: 299
System Time: 2025-03-04 00:23:15,339 - Event: Machine 3 SENT message to machines [1] - Logical Clock: 300
System Time: 2025-03-04 00:23:15,340 - Event: Machine 3 SENT message to machines [2] - Logical Clock: 301
System Time: 2025-03-04 00:23:16,382 - Event: Machine 3 RECEIVED message from Machine 1| Queue Length: 0 | Local Clock: 301, Sender Clock: 302, New Clock: 303 (Drift: 1)
System Time: 2025-03-04 00:23:16,382 - Event: Machine 3 SENT message to machines [1, 2] - Logical Clock: 304
System Time: 2025-03-04 00:23:16,383 - Event: Machine 3 INTERNAL EVENT - Logical Clock: 305
System Time: 2025-03-04 00:23:16,383 - Event: Machine 3 INTERNAL EVENT - Logical Clock: 306
System Time: 2025-03-04 00:23:16,383 - Event: Machine 3 INTERNAL EVENT - Logical Clock: 307
System Time: 2025-03-04 00:23:16,383 - Event: Machine 3 INTERNAL EVENT - Logical Clock: 308
System Time: 2025-03-04 00:23:17,416 - Event: Machine 3 RECEIVED message from Machine 1| Queue Length: 0 | Local Clock: 308, Sender Clock: 308, New Clock: 309 (Drift: 0)
System Time: 2025-03-04 00:23:17,417 - Event: Machine 3 SENT message to machines [1, 2] - Logical Clock: 310
System Time: 2025-03-04 00:23:17,417 - Event: Machine 3 INTERNAL EVENT - Logical Clock: 311
System Time: 2025-03-04 00:23:17,417 - Event: Machine 3 INTERNAL EVENT - Logical Clock: 312
System Time: 2025-03-04 00:23:17,417 - Event: Machine 3 SENT message to machines [1, 2] - Logical Clock: 313
System Time: 2025-03-04 00:23:17,417 - Event: Machine 3 SENT message to machines [1, 2] - Logical Clock: 314
System Time: 2025-03-04 00:23:18,456 - Event: Machine 3 RECEIVED message from Machine 1| Queue Length: 0 | Local Clock: 314, Sender Clock: 316, New Clock: 317 (Drift: 2)
System Time: 2025-03-04 00:23:18,457 - Event: Machine 3 SENT message to machines [2] - Logical Clock: 318
System Time: 2025-03-04 00:23:18,457 - Event: Machine 3 SENT message to machines [1, 2] - Logical Clock: 319
System Time: 2025-03-04 00:23:18,458 - Event: Machine 3 INTERNAL EVENT - Logical Clock: 320
System Time: 2025-03-04 00:23:18,458 - Event: Machine 3 INTERNAL EVENT - Logical Clock: 321
System Time: 2025-03-04 00:23:18,458 - Event: Machine 3 INTERNAL EVENT - Logical Clock: 322
System Time: 2025-03-04 00:23:19,497 - Event: Machine 3 INTERNAL EVENT - Logical Clock: 323
System Time: 2025-03-04 00:23:19,498 - Event: Machine 3 INTERNAL EVENT - Logical Clock: 324
System Time: 2025-03-04 00:23:19,499 - Event: Machine 3 SENT message to machines [1, 2] - Logical Clock: 325
System Time: 2025-03-04 00:23:19,499 - Event: Machine 3 SENT message to machines [1, 2] - Logical Clock: 326
System Time: 2025-03-04 00:23:19,499 - Event: Machine 3 INTERNAL EVENT - Logical Clock: 327
System Time: 2025-03-04 00:23:19,499 - Event: Machine 3 SENT message to machines [1, 2] - Logical Clock: 328
System Time: 2025-03-04 00:23:20,532 - Event: Machine 3 INTERNAL EVENT - Logical Clock: 329
System Time: 2025-03-04 00:23:20,534 - Event: Machine 3 INTERNAL EVENT - Logical Clock: 330
System Time: 2025-03-04 00:23:20,534 - Event: Machine 3 INTERNAL EVENT - Logical Clock: 331
System Time: 2025-03-04 00:23:20,534 - Event: Machine 3 INTERNAL EVENT - Logical Clock: 332
System Time: 2025-03-04 00:23:20,535 - Event: Machine 3 SENT message to machines [2] - Logical Clock: 333
System Time: 2025-03-04 00:23:20,535 - Event: Machine 3 INTERNAL EVENT - Logical Clock: 334
System Time: 2025-03-04 00:23:21,573 - Event: Machine 3 INTERNAL EVENT - Logical Clock: 335
System Time: 2025-03-04 00:23:21,574 - Event: Machine 3 INTERNAL EVENT - Logical Clock: 336
System Time: 2025-03-04 00:23:21,574 - Event: Machine 3 SENT message to machines [2] - Logical Clock: 337
System Time: 2025-03-04 00:23:21,574 - Event: Machine 3 SENT message to machines [1, 2] - Logical Clock: 338
System Time: 2025-03-04 00:23:21,574 - Event: Machine 3 INTERNAL EVENT - Logical Clock: 339
System Time: 2025-03-04 00:23:21,575 - Event: Machine 3 INTERNAL EVENT - Logical Clock: 340
System Time: 2025-03-04 00:23:22,598 - Event: Machine 3 RECEIVED message from Machine 1| Queue Length: 0 | Local Clock: 340, Sender Clock: 342, New Clock: 343 (Drift: 2)
System Time: 2025-03-04 00:23:22,599 - Event: Machine 3 SENT message to machines [1] - Logical Clock: 344
System Time: 2025-03-04 00:23:22,599 - Event: Machine 3 INTERNAL EVENT - Logical Clock: 345
System Time: 2025-03-04 00:23:22,600 - Event: Machine 3 INTERNAL EVENT - Logical Clock: 346
System Time: 2025-03-04 00:23:22,600 - Event: Machine 3 INTERNAL EVENT - Logical Clock: 347
System Time: 2025-03-04 00:23:22,600 - Event: Machine 3 INTERNAL EVENT - Logical Clock: 348
System Time: 2025-03-04 00:23:23,639 - Event: Machine 3 RECEIVED message from Machine 1| Queue Length: 0 | Local Clock: 348, Sender Clock: 347, New Clock: 349 (Drift: 0)
System Time: 2025-03-04 00:23:23,640 - Event: Machine 3 INTERNAL EVENT - Logical Clock: 350
System Time: 2025-03-04 00:23:23,640 - Event: Machine 3 SENT message to machines [2] - Logical Clock: 351
System Time: 2025-03-04 00:23:23,640 - Event: Machine 3 SENT message to machines [1] - Logical Clock: 352
System Time: 2025-03-04 00:23:23,641 - Event: Machine 3 INTERNAL EVENT - Logical Clock: 353
System Time: 2025-03-04 00:23:23,641 - Event: Machine 3 INTERNAL EVENT - Logical Clock: 354
System Time: 2025-03-04 00:23:24,678 - Event: Machine 3 SENT message to machines [1] - Logical Clock: 355
System Time: 2025-03-04 00:23:24,679 - Event: Machine 3 INTERNAL EVENT - Logical Clock: 356
System Time: 2025-03-04 00:23:24,679 - Event: Machine 3 INTERNAL EVENT - Logical Clock: 357
System Time: 2025-03-04 00:23:24,679 - Event: Machine 3 INTERNAL EVENT - Logical Clock: 358
System Time: 2025-03-04 00:23:24,679 - Event: Machine 3 SENT message to machines [1] - Logical Clock: 359
System Time: 2025-03-04 00:23:24,679 - Event: Machine 3 SENT message to machines [2] - Logical Clock: 360
