System Time: 2025-03-05 18:38:40,629 - Event: Machine 2 initialized with clock rate: 5 ticks/second
System Time: 2025-03-05 18:38:41,135 - Event: Machine 2 accepted connection from Machine 1
System Time: 2025-03-05 18:38:42,636 - Event: Machine 2 connected to Machine 3
System Time: 2025-03-05 18:38:42,636 - Event: Machine 2 RECEIVED message from Machine 1| Queue Length: 1 | Local Clock: 0, Sender Clock: 5, New Clock: 6 (Drift: 5)
System Time: 2025-03-05 18:38:42,636 - Event: Machine 2 RECEIVED message from Machine 1| Queue Length: 0 | Local Clock: 6, Sender Clock: 6, New Clock: 7 (Drift: 0)
System Time: 2025-03-05 18:38:42,636 - Event: Machine 2 INTERNAL EVENT - Logical Clock: 8
System Time: 2025-03-05 18:38:42,636 - Event: Machine 2 SENT message to machines [1] - Logical Clock: 9
System Time: 2025-03-05 18:38:42,636 - Event: Machine 2 INTERNAL EVENT - Logical Clock: 10
System Time: 2025-03-05 18:38:43,668 - Event: Machine 2 SENT message to machines [3] - Logical Clock: 11
System Time: 2025-03-05 18:38:43,668 - Event: Machine 2 SENT message to machines [1] - Logical Clock: 12
System Time: 2025-03-05 18:38:43,669 - Event: Machine 2 INTERNAL EVENT - Logical Clock: 13
System Time: 2025-03-05 18:38:43,669 - Event: Machine 2 SENT message to machines [3] - Logical Clock: 14
System Time: 2025-03-05 18:38:43,669 - Event: Machine 2 INTERNAL EVENT - Logical Clock: 15
System Time: 2025-03-05 18:38:44,696 - Event: Machine 2 RECEIVED message from Machine 1| Queue Length: 0 | Local Clock: 15, Sender Clock: 14, New Clock: 16 (Drift: 0)
System Time: 2025-03-05 18:38:44,697 - Event: Machine 2 INTERNAL EVENT - Logical Clock: 17
System Time: 2025-03-05 18:38:44,697 - Event: Machine 2 INTERNAL EVENT - Logical Clock: 18
System Time: 2025-03-05 18:38:44,697 - Event: Machine 2 INTERNAL EVENT - Logical Clock: 19
System Time: 2025-03-05 18:38:44,697 - Event: Machine 2 SENT message to machines [1, 3] - Logical Clock: 20
System Time: 2025-03-05 18:38:45,732 - Event: Machine 2 RECEIVED message from Machine 1| Queue Length: 0 | Local Clock: 20, Sender Clock: 24, New Clock: 25 (Drift: 4)
System Time: 2025-03-05 18:38:45,732 - Event: Machine 2 INTERNAL EVENT - Logical Clock: 26
System Time: 2025-03-05 18:38:45,733 - Event: Machine 2 SENT message to machines [1, 3] - Logical Clock: 27
System Time: 2025-03-05 18:38:45,733 - Event: Machine 2 SENT message to machines [1, 3] - Logical Clock: 28
System Time: 2025-03-05 18:38:45,733 - Event: Machine 2 INTERNAL EVENT - Logical Clock: 29
System Time: 2025-03-05 18:38:46,766 - Event: Machine 2 RECEIVED message from Machine 1| Queue Length: 0 | Local Clock: 29, Sender Clock: 26, New Clock: 30 (Drift: 0)
System Time: 2025-03-05 18:38:46,767 - Event: Machine 2 INTERNAL EVENT - Logical Clock: 31
System Time: 2025-03-05 18:38:46,767 - Event: Machine 2 SENT message to machines [1, 3] - Logical Clock: 32
System Time: 2025-03-05 18:38:46,767 - Event: Machine 2 INTERNAL EVENT - Logical Clock: 33
System Time: 2025-03-05 18:38:46,767 - Event: Machine 2 INTERNAL EVENT - Logical Clock: 34
System Time: 2025-03-05 18:38:47,803 - Event: Machine 2 RECEIVED message from Machine 1| Queue Length: 1 | Local Clock: 34, Sender Clock: 31, New Clock: 35 (Drift: 0)
System Time: 2025-03-05 18:38:47,804 - Event: Machine 2 RECEIVED message from Machine 1| Queue Length: 0 | Local Clock: 35, Sender Clock: 35, New Clock: 36 (Drift: 0)
System Time: 2025-03-05 18:38:47,804 - Event: Machine 2 SENT message to machines [1, 3] - Logical Clock: 37
System Time: 2025-03-05 18:38:47,804 - Event: Machine 2 INTERNAL EVENT - Logical Clock: 38
System Time: 2025-03-05 18:38:47,805 - Event: Machine 2 INTERNAL EVENT - Logical Clock: 39
System Time: 2025-03-05 18:38:48,845 - Event: Machine 2 RECEIVED message from Machine 1| Queue Length: 0 | Local Clock: 39, Sender Clock: 38, New Clock: 40 (Drift: 0)
System Time: 2025-03-05 18:38:48,846 - Event: Machine 2 INTERNAL EVENT - Logical Clock: 41
System Time: 2025-03-05 18:38:48,846 - Event: Machine 2 INTERNAL EVENT - Logical Clock: 42
System Time: 2025-03-05 18:38:48,846 - Event: Machine 2 SENT message to machines [3] - Logical Clock: 43
System Time: 2025-03-05 18:38:48,847 - Event: Machine 2 INTERNAL EVENT - Logical Clock: 44
System Time: 2025-03-05 18:38:49,881 - Event: Machine 2 RECEIVED message from Machine 1| Queue Length: 0 | Local Clock: 44, Sender Clock: 46, New Clock: 47 (Drift: 2)
System Time: 2025-03-05 18:38:49,882 - Event: Machine 2 INTERNAL EVENT - Logical Clock: 48
System Time: 2025-03-05 18:38:49,882 - Event: Machine 2 INTERNAL EVENT - Logical Clock: 49
System Time: 2025-03-05 18:38:49,882 - Event: Machine 2 SENT message to machines [1, 3] - Logical Clock: 50
System Time: 2025-03-05 18:38:49,882 - Event: Machine 2 INTERNAL EVENT - Logical Clock: 51
System Time: 2025-03-05 18:38:50,910 - Event: Machine 2 RECEIVED message from Machine 1| Queue Length: 0 | Local Clock: 51, Sender Clock: 49, New Clock: 52 (Drift: 0)
System Time: 2025-03-05 18:38:50,911 - Event: Machine 2 INTERNAL EVENT - Logical Clock: 53
System Time: 2025-03-05 18:38:50,911 - Event: Machine 2 SENT message to machines [1, 3] - Logical Clock: 54
System Time: 2025-03-05 18:38:50,912 - Event: Machine 2 INTERNAL EVENT - Logical Clock: 55
System Time: 2025-03-05 18:38:50,912 - Event: Machine 2 INTERNAL EVENT - Logical Clock: 56
System Time: 2025-03-05 18:38:51,946 - Event: Machine 2 RECEIVED message from Machine 1| Queue Length: 1 | Local Clock: 56, Sender Clock: 57, New Clock: 58 (Drift: 1)
System Time: 2025-03-05 18:38:51,946 - Event: Machine 2 RECEIVED message from Machine 1| Queue Length: 0 | Local Clock: 58, Sender Clock: 59, New Clock: 60 (Drift: 1)
System Time: 2025-03-05 18:38:51,947 - Event: Machine 2 SENT message to machines [3] - Logical Clock: 61
System Time: 2025-03-05 18:38:51,947 - Event: Machine 2 INTERNAL EVENT - Logical Clock: 62
System Time: 2025-03-05 18:38:51,947 - Event: Machine 2 INTERNAL EVENT - Logical Clock: 63
System Time: 2025-03-05 18:38:52,977 - Event: Machine 2 RECEIVED message from Machine 1| Queue Length: 1 | Local Clock: 63, Sender Clock: 64, New Clock: 65 (Drift: 1)
System Time: 2025-03-05 18:38:52,978 - Event: Machine 2 RECEIVED message from Machine 1| Queue Length: 0 | Local Clock: 65, Sender Clock: 65, New Clock: 66 (Drift: 0)
System Time: 2025-03-05 18:38:52,978 - Event: Machine 2 INTERNAL EVENT - Logical Clock: 67
System Time: 2025-03-05 18:38:52,979 - Event: Machine 2 SENT message to machines [3] - Logical Clock: 68
System Time: 2025-03-05 18:38:52,979 - Event: Machine 2 INTERNAL EVENT - Logical Clock: 69
System Time: 2025-03-05 18:38:54,004 - Event: Machine 2 RECEIVED message from Machine 1| Queue Length: 0 | Local Clock: 69, Sender Clock: 72, New Clock: 73 (Drift: 3)
System Time: 2025-03-05 18:38:54,005 - Event: Machine 2 INTERNAL EVENT - Logical Clock: 74
System Time: 2025-03-05 18:38:54,005 - Event: Machine 2 INTERNAL EVENT - Logical Clock: 75
System Time: 2025-03-05 18:38:54,005 - Event: Machine 2 INTERNAL EVENT - Logical Clock: 76
System Time: 2025-03-05 18:38:54,005 - Event: Machine 2 INTERNAL EVENT - Logical Clock: 77
System Time: 2025-03-05 18:38:55,038 - Event: Machine 2 RECEIVED message from Machine 1| Queue Length: 0 | Local Clock: 77, Sender Clock: 75, New Clock: 78 (Drift: 0)
System Time: 2025-03-05 18:38:55,039 - Event: Machine 2 SENT message to machines [1, 3] - Logical Clock: 79
System Time: 2025-03-05 18:38:55,039 - Event: Machine 2 SENT message to machines [1, 3] - Logical Clock: 80
System Time: 2025-03-05 18:38:55,040 - Event: Machine 2 INTERNAL EVENT - Logical Clock: 81
System Time: 2025-03-05 18:38:55,040 - Event: Machine 2 SENT message to machines [3] - Logical Clock: 82
System Time: 2025-03-05 18:38:56,071 - Event: Machine 2 RECEIVED message from Machine 1| Queue Length: 1 | Local Clock: 82, Sender Clock: 79, New Clock: 83 (Drift: 0)
System Time: 2025-03-05 18:38:56,071 - Event: Machine 2 RECEIVED message from Machine 1| Queue Length: 0 | Local Clock: 83, Sender Clock: 81, New Clock: 84 (Drift: 0)
System Time: 2025-03-05 18:38:56,072 - Event: Machine 2 SENT message to machines [3] - Logical Clock: 85
System Time: 2025-03-05 18:38:56,072 - Event: Machine 2 SENT message to machines [1, 3] - Logical Clock: 86
System Time: 2025-03-05 18:38:56,072 - Event: Machine 2 INTERNAL EVENT - Logical Clock: 87
System Time: 2025-03-05 18:38:57,103 - Event: Machine 2 RECEIVED message from Machine 1| Queue Length: 1 | Local Clock: 87, Sender Clock: 85, New Clock: 88 (Drift: 0)
System Time: 2025-03-05 18:38:57,104 - Event: Machine 2 RECEIVED message from Machine 1| Queue Length: 0 | Local Clock: 88, Sender Clock: 89, New Clock: 90 (Drift: 1)
System Time: 2025-03-05 18:38:57,104 - Event: Machine 2 INTERNAL EVENT - Logical Clock: 91
System Time: 2025-03-05 18:38:57,104 - Event: Machine 2 INTERNAL EVENT - Logical Clock: 92
System Time: 2025-03-05 18:38:57,104 - Event: Machine 2 INTERNAL EVENT - Logical Clock: 93
System Time: 2025-03-05 18:38:58,141 - Event: Machine 2 INTERNAL EVENT - Logical Clock: 94
System Time: 2025-03-05 18:38:58,142 - Event: Machine 2 INTERNAL EVENT - Logical Clock: 95
System Time: 2025-03-05 18:38:58,142 - Event: Machine 2 INTERNAL EVENT - Logical Clock: 96
System Time: 2025-03-05 18:38:58,142 - Event: Machine 2 INTERNAL EVENT - Logical Clock: 97
System Time: 2025-03-05 18:38:58,142 - Event: Machine 2 INTERNAL EVENT - Logical Clock: 98
System Time: 2025-03-05 18:38:59,167 - Event: Machine 2 RECEIVED message from Machine 1| Queue Length: 0 | Local Clock: 98, Sender Clock: 98, New Clock: 99 (Drift: 0)
System Time: 2025-03-05 18:38:59,168 - Event: Machine 2 SENT message to machines [1, 3] - Logical Clock: 100
System Time: 2025-03-05 18:38:59,168 - Event: Machine 2 INTERNAL EVENT - Logical Clock: 101
System Time: 2025-03-05 18:38:59,168 - Event: Machine 2 SENT message to machines [1] - Logical Clock: 102
System Time: 2025-03-05 18:38:59,168 - Event: Machine 2 INTERNAL EVENT - Logical Clock: 103
System Time: 2025-03-05 18:39:00,203 - Event: Machine 2 INTERNAL EVENT - Logical Clock: 104
System Time: 2025-03-05 18:39:00,203 - Event: Machine 2 INTERNAL EVENT - Logical Clock: 105
System Time: 2025-03-05 18:39:00,203 - Event: Machine 2 INTERNAL EVENT - Logical Clock: 106
System Time: 2025-03-05 18:39:00,204 - Event: Machine 2 INTERNAL EVENT - Logical Clock: 107
System Time: 2025-03-05 18:39:00,204 - Event: Machine 2 SENT message to machines [1, 3] - Logical Clock: 108
System Time: 2025-03-05 18:39:01,242 - Event: Machine 2 RECEIVED message from Machine 1| Queue Length: 0 | Local Clock: 108, Sender Clock: 113, New Clock: 114 (Drift: 5)
System Time: 2025-03-05 18:39:01,243 - Event: Machine 2 INTERNAL EVENT - Logical Clock: 115
System Time: 2025-03-05 18:39:01,243 - Event: Machine 2 SENT message to machines [1] - Logical Clock: 116
System Time: 2025-03-05 18:39:01,243 - Event: Machine 2 INTERNAL EVENT - Logical Clock: 117
System Time: 2025-03-05 18:39:01,243 - Event: Machine 2 SENT message to machines [3] - Logical Clock: 118
System Time: 2025-03-05 18:39:02,278 - Event: Machine 2 SENT message to machines [3] - Logical Clock: 119
System Time: 2025-03-05 18:39:02,279 - Event: Machine 2 INTERNAL EVENT - Logical Clock: 120
System Time: 2025-03-05 18:39:02,279 - Event: Machine 2 INTERNAL EVENT - Logical Clock: 121
System Time: 2025-03-05 18:39:02,279 - Event: Machine 2 INTERNAL EVENT - Logical Clock: 122
System Time: 2025-03-05 18:39:02,279 - Event: Machine 2 SENT message to machines [1, 3] - Logical Clock: 123
System Time: 2025-03-05 18:39:03,304 - Event: Machine 2 RECEIVED message from Machine 1| Queue Length: 0 | Local Clock: 123, Sender Clock: 121, New Clock: 124 (Drift: 0)
System Time: 2025-03-05 18:39:03,304 - Event: Machine 2 INTERNAL EVENT - Logical Clock: 125
System Time: 2025-03-05 18:39:03,305 - Event: Machine 2 SENT message to machines [3] - Logical Clock: 126
System Time: 2025-03-05 18:39:03,305 - Event: Machine 2 INTERNAL EVENT - Logical Clock: 127
System Time: 2025-03-05 18:39:03,305 - Event: Machine 2 INTERNAL EVENT - Logical Clock: 128
System Time: 2025-03-05 18:39:04,337 - Event: Machine 2 INTERNAL EVENT - Logical Clock: 129
System Time: 2025-03-05 18:39:04,337 - Event: Machine 2 INTERNAL EVENT - Logical Clock: 130
System Time: 2025-03-05 18:39:04,337 - Event: Machine 2 SENT message to machines [3] - Logical Clock: 131
System Time: 2025-03-05 18:39:04,338 - Event: Machine 2 SENT message to machines [3] - Logical Clock: 132
System Time: 2025-03-05 18:39:04,338 - Event: Machine 2 INTERNAL EVENT - Logical Clock: 133
System Time: 2025-03-05 18:39:05,366 - Event: Machine 2 RECEIVED message from Machine 1| Queue Length: 2 | Local Clock: 133, Sender Clock: 134, New Clock: 135 (Drift: 1)
System Time: 2025-03-05 18:39:05,366 - Event: Machine 2 RECEIVED message from Machine 1| Queue Length: 1 | Local Clock: 135, Sender Clock: 135, New Clock: 136 (Drift: 0)
System Time: 2025-03-05 18:39:05,366 - Event: Machine 2 RECEIVED message from Machine 1| Queue Length: 0 | Local Clock: 136, Sender Clock: 137, New Clock: 138 (Drift: 1)
System Time: 2025-03-05 18:39:05,366 - Event: Machine 2 INTERNAL EVENT - Logical Clock: 139
System Time: 2025-03-05 18:39:05,367 - Event: Machine 2 INTERNAL EVENT - Logical Clock: 140
System Time: 2025-03-05 18:39:06,403 - Event: Machine 2 RECEIVED message from Machine 1| Queue Length: 0 | Local Clock: 140, Sender Clock: 140, New Clock: 141 (Drift: 0)
System Time: 2025-03-05 18:39:06,404 - Event: Machine 2 SENT message to machines [1, 3] - Logical Clock: 142
System Time: 2025-03-05 18:39:06,404 - Event: Machine 2 SENT message to machines [1] - Logical Clock: 143
System Time: 2025-03-05 18:39:06,404 - Event: Machine 2 SENT message to machines [1] - Logical Clock: 144
System Time: 2025-03-05 18:39:06,405 - Event: Machine 2 INTERNAL EVENT - Logical Clock: 145
System Time: 2025-03-05 18:39:07,438 - Event: Machine 2 RECEIVED message from Machine 1| Queue Length: 0 | Local Clock: 145, Sender Clock: 148, New Clock: 149 (Drift: 3)
System Time: 2025-03-05 18:39:07,439 - Event: Machine 2 INTERNAL EVENT - Logical Clock: 150
System Time: 2025-03-05 18:39:07,439 - Event: Machine 2 INTERNAL EVENT - Logical Clock: 151
System Time: 2025-03-05 18:39:07,439 - Event: Machine 2 INTERNAL EVENT - Logical Clock: 152
System Time: 2025-03-05 18:39:07,439 - Event: Machine 2 INTERNAL EVENT - Logical Clock: 153
System Time: 2025-03-05 18:39:08,456 - Event: Machine 2 RECEIVED message from Machine 1| Queue Length: 1 | Local Clock: 153, Sender Clock: 151, New Clock: 154 (Drift: 0)
System Time: 2025-03-05 18:39:08,457 - Event: Machine 2 RECEIVED message from Machine 1| Queue Length: 0 | Local Clock: 154, Sender Clock: 152, New Clock: 155 (Drift: 0)
System Time: 2025-03-05 18:39:08,457 - Event: Machine 2 INTERNAL EVENT - Logical Clock: 156
System Time: 2025-03-05 18:39:08,457 - Event: Machine 2 INTERNAL EVENT - Logical Clock: 157
System Time: 2025-03-05 18:39:08,457 - Event: Machine 2 INTERNAL EVENT - Logical Clock: 158
System Time: 2025-03-05 18:39:09,492 - Event: Machine 2 INTERNAL EVENT - Logical Clock: 159
System Time: 2025-03-05 18:39:09,492 - Event: Machine 2 INTERNAL EVENT - Logical Clock: 160
System Time: 2025-03-05 18:39:09,493 - Event: Machine 2 SENT message to machines [3] - Logical Clock: 161
System Time: 2025-03-05 18:39:09,493 - Event: Machine 2 SENT message to machines [1, 3] - Logical Clock: 162
System Time: 2025-03-05 18:39:09,493 - Event: Machine 2 INTERNAL EVENT - Logical Clock: 163
System Time: 2025-03-05 18:39:10,539 - Event: Machine 2 RECEIVED message from Machine 1| Queue Length: 0 | Local Clock: 163, Sender Clock: 168, New Clock: 169 (Drift: 5)
System Time: 2025-03-05 18:39:10,539 - Event: Machine 2 INTERNAL EVENT - Logical Clock: 170
System Time: 2025-03-05 18:39:10,540 - Event: Machine 2 SENT message to machines [1] - Logical Clock: 171
System Time: 2025-03-05 18:39:10,540 - Event: Machine 2 INTERNAL EVENT - Logical Clock: 172
System Time: 2025-03-05 18:39:10,540 - Event: Machine 2 INTERNAL EVENT - Logical Clock: 173
System Time: 2025-03-05 18:39:11,577 - Event: Machine 2 INTERNAL EVENT - Logical Clock: 174
System Time: 2025-03-05 18:39:11,578 - Event: Machine 2 SENT message to machines [3] - Logical Clock: 175
System Time: 2025-03-05 18:39:11,579 - Event: Machine 2 INTERNAL EVENT - Logical Clock: 176
System Time: 2025-03-05 18:39:11,579 - Event: Machine 2 INTERNAL EVENT - Logical Clock: 177
System Time: 2025-03-05 18:39:11,579 - Event: Machine 2 SENT message to machines [1, 3] - Logical Clock: 178
System Time: 2025-03-05 18:39:12,607 - Event: Machine 2 RECEIVED message from Machine 1| Queue Length: 1 | Local Clock: 178, Sender Clock: 175, New Clock: 179 (Drift: 0)
System Time: 2025-03-05 18:39:12,607 - Event: Machine 2 RECEIVED message from Machine 1| Queue Length: 0 | Local Clock: 179, Sender Clock: 177, New Clock: 180 (Drift: 0)
System Time: 2025-03-05 18:39:12,608 - Event: Machine 2 SENT message to machines [1, 3] - Logical Clock: 181
System Time: 2025-03-05 18:39:12,608 - Event: Machine 2 INTERNAL EVENT - Logical Clock: 182
System Time: 2025-03-05 18:39:12,608 - Event: Machine 2 SENT message to machines [3] - Logical Clock: 183
System Time: 2025-03-05 18:39:13,641 - Event: Machine 2 RECEIVED message from Machine 1| Queue Length: 1 | Local Clock: 183, Sender Clock: 181, New Clock: 184 (Drift: 0)
System Time: 2025-03-05 18:39:13,641 - Event: Machine 2 RECEIVED message from Machine 1| Queue Length: 0 | Local Clock: 184, Sender Clock: 183, New Clock: 185 (Drift: 0)
System Time: 2025-03-05 18:39:13,641 - Event: Machine 2 INTERNAL EVENT - Logical Clock: 186
System Time: 2025-03-05 18:39:13,641 - Event: Machine 2 SENT message to machines [3] - Logical Clock: 187
System Time: 2025-03-05 18:39:13,642 - Event: Machine 2 SENT message to machines [3] - Logical Clock: 188
System Time: 2025-03-05 18:39:14,677 - Event: Machine 2 RECEIVED message from Machine 1| Queue Length: 0 | Local Clock: 188, Sender Clock: 191, New Clock: 192 (Drift: 3)
System Time: 2025-03-05 18:39:14,677 - Event: Machine 2 INTERNAL EVENT - Logical Clock: 193
System Time: 2025-03-05 18:39:14,678 - Event: Machine 2 INTERNAL EVENT - Logical Clock: 194
System Time: 2025-03-05 18:39:14,678 - Event: Machine 2 INTERNAL EVENT - Logical Clock: 195
System Time: 2025-03-05 18:39:14,678 - Event: Machine 2 SENT message to machines [1] - Logical Clock: 196
System Time: 2025-03-05 18:39:15,707 - Event: Machine 2 RECEIVED message from Machine 1| Queue Length: 1 | Local Clock: 196, Sender Clock: 195, New Clock: 197 (Drift: 0)
System Time: 2025-03-05 18:39:15,708 - Event: Machine 2 RECEIVED message from Machine 1| Queue Length: 0 | Local Clock: 197, Sender Clock: 197, New Clock: 198 (Drift: 0)
System Time: 2025-03-05 18:39:15,708 - Event: Machine 2 SENT message to machines [3] - Logical Clock: 199
System Time: 2025-03-05 18:39:15,708 - Event: Machine 2 INTERNAL EVENT - Logical Clock: 200
System Time: 2025-03-05 18:39:15,709 - Event: Machine 2 INTERNAL EVENT - Logical Clock: 201
System Time: 2025-03-05 18:39:16,747 - Event: Machine 2 RECEIVED message from Machine 1| Queue Length: 0 | Local Clock: 201, Sender Clock: 201, New Clock: 202 (Drift: 0)
System Time: 2025-03-05 18:39:16,747 - Event: Machine 2 INTERNAL EVENT - Logical Clock: 203
System Time: 2025-03-05 18:39:16,747 - Event: Machine 2 INTERNAL EVENT - Logical Clock: 204
System Time: 2025-03-05 18:39:16,748 - Event: Machine 2 INTERNAL EVENT - Logical Clock: 205
System Time: 2025-03-05 18:39:16,748 - Event: Machine 2 SENT message to machines [1, 3] - Logical Clock: 206
System Time: 2025-03-05 18:39:17,794 - Event: Machine 2 INTERNAL EVENT - Logical Clock: 207
System Time: 2025-03-05 18:39:17,795 - Event: Machine 2 SENT message to machines [1] - Logical Clock: 208
System Time: 2025-03-05 18:39:17,795 - Event: Machine 2 INTERNAL EVENT - Logical Clock: 209
System Time: 2025-03-05 18:39:17,795 - Event: Machine 2 INTERNAL EVENT - Logical Clock: 210
System Time: 2025-03-05 18:39:17,795 - Event: Machine 2 INTERNAL EVENT - Logical Clock: 211
System Time: 2025-03-05 18:39:18,833 - Event: Machine 2 RECEIVED message from Machine 1| Queue Length: 0 | Local Clock: 211, Sender Clock: 214, New Clock: 215 (Drift: 3)
System Time: 2025-03-05 18:39:18,834 - Event: Machine 2 INTERNAL EVENT - Logical Clock: 216
System Time: 2025-03-05 18:39:18,834 - Event: Machine 2 INTERNAL EVENT - Logical Clock: 217
System Time: 2025-03-05 18:39:18,834 - Event: Machine 2 SENT message to machines [3] - Logical Clock: 218
System Time: 2025-03-05 18:39:18,834 - Event: Machine 2 SENT message to machines [1] - Logical Clock: 219
System Time: 2025-03-05 18:39:19,863 - Event: Machine 2 RECEIVED message from Machine 1| Queue Length: 0 | Local Clock: 219, Sender Clock: 222, New Clock: 223 (Drift: 3)
System Time: 2025-03-05 18:39:19,863 - Event: Machine 2 INTERNAL EVENT - Logical Clock: 224
System Time: 2025-03-05 18:39:19,863 - Event: Machine 2 INTERNAL EVENT - Logical Clock: 225
System Time: 2025-03-05 18:39:19,864 - Event: Machine 2 SENT message to machines [1, 3] - Logical Clock: 226
System Time: 2025-03-05 18:39:19,864 - Event: Machine 2 INTERNAL EVENT - Logical Clock: 227
System Time: 2025-03-05 18:39:20,891 - Event: Machine 2 RECEIVED message from Machine 1| Queue Length: 2 | Local Clock: 227, Sender Clock: 223, New Clock: 228 (Drift: 0)
System Time: 2025-03-05 18:39:20,891 - Event: Machine 2 RECEIVED message from Machine 1| Queue Length: 1 | Local Clock: 228, Sender Clock: 224, New Clock: 229 (Drift: 0)
System Time: 2025-03-05 18:39:20,891 - Event: Machine 2 RECEIVED message from Machine 1| Queue Length: 0 | Local Clock: 229, Sender Clock: 227, New Clock: 230 (Drift: 0)
System Time: 2025-03-05 18:39:20,891 - Event: Machine 2 INTERNAL EVENT - Logical Clock: 231
System Time: 2025-03-05 18:39:20,891 - Event: Machine 2 SENT message to machines [1, 3] - Logical Clock: 232
System Time: 2025-03-05 18:39:21,930 - Event: Machine 2 RECEIVED message from Machine 1| Queue Length: 0 | Local Clock: 232, Sender Clock: 230, New Clock: 233 (Drift: 0)
System Time: 2025-03-05 18:39:21,930 - Event: Machine 2 INTERNAL EVENT - Logical Clock: 234
System Time: 2025-03-05 18:39:21,930 - Event: Machine 2 INTERNAL EVENT - Logical Clock: 235
System Time: 2025-03-05 18:39:21,930 - Event: Machine 2 SENT message to machines [1, 3] - Logical Clock: 236
System Time: 2025-03-05 18:39:21,930 - Event: Machine 2 INTERNAL EVENT - Logical Clock: 237
System Time: 2025-03-05 18:39:22,961 - Event: Machine 2 RECEIVED message from Machine 1| Queue Length: 0 | Local Clock: 237, Sender Clock: 237, New Clock: 238 (Drift: 0)
System Time: 2025-03-05 18:39:22,962 - Event: Machine 2 INTERNAL EVENT - Logical Clock: 239
System Time: 2025-03-05 18:39:22,962 - Event: Machine 2 SENT message to machines [3] - Logical Clock: 240
System Time: 2025-03-05 18:39:22,963 - Event: Machine 2 INTERNAL EVENT - Logical Clock: 241
System Time: 2025-03-05 18:39:22,963 - Event: Machine 2 INTERNAL EVENT - Logical Clock: 242
System Time: 2025-03-05 18:39:23,991 - Event: Machine 2 RECEIVED message from Machine 1| Queue Length: 0 | Local Clock: 242, Sender Clock: 245, New Clock: 246 (Drift: 3)
System Time: 2025-03-05 18:39:23,992 - Event: Machine 2 INTERNAL EVENT - Logical Clock: 247
System Time: 2025-03-05 18:39:23,992 - Event: Machine 2 INTERNAL EVENT - Logical Clock: 248
System Time: 2025-03-05 18:39:23,992 - Event: Machine 2 SENT message to machines [3] - Logical Clock: 249
System Time: 2025-03-05 18:39:23,992 - Event: Machine 2 SENT message to machines [1, 3] - Logical Clock: 250
System Time: 2025-03-05 18:39:25,028 - Event: Machine 2 RECEIVED message from Machine 1| Queue Length: 3 | Local Clock: 250, Sender Clock: 247, New Clock: 251 (Drift: 0)
System Time: 2025-03-05 18:39:25,028 - Event: Machine 2 RECEIVED message from Machine 1| Queue Length: 2 | Local Clock: 251, Sender Clock: 248, New Clock: 252 (Drift: 0)
System Time: 2025-03-05 18:39:25,028 - Event: Machine 2 RECEIVED message from Machine 1| Queue Length: 1 | Local Clock: 252, Sender Clock: 250, New Clock: 253 (Drift: 0)
System Time: 2025-03-05 18:39:25,028 - Event: Machine 2 RECEIVED message from Machine 1| Queue Length: 0 | Local Clock: 253, Sender Clock: 252, New Clock: 254 (Drift: 0)
System Time: 2025-03-05 18:39:25,029 - Event: Machine 2 INTERNAL EVENT - Logical Clock: 255
System Time: 2025-03-05 18:39:26,053 - Event: Machine 2 INTERNAL EVENT - Logical Clock: 256
System Time: 2025-03-05 18:39:26,053 - Event: Machine 2 INTERNAL EVENT - Logical Clock: 257
System Time: 2025-03-05 18:39:26,053 - Event: Machine 2 INTERNAL EVENT - Logical Clock: 258
System Time: 2025-03-05 18:39:26,053 - Event: Machine 2 INTERNAL EVENT - Logical Clock: 259
System Time: 2025-03-05 18:39:26,053 - Event: Machine 2 SENT message to machines [3] - Logical Clock: 260
System Time: 2025-03-05 18:39:27,073 - Event: Machine 2 RECEIVED message from Machine 1| Queue Length: 2 | Local Clock: 260, Sender Clock: 261, New Clock: 262 (Drift: 1)
System Time: 2025-03-05 18:39:27,074 - Event: Machine 2 RECEIVED message from Machine 1| Queue Length: 1 | Local Clock: 262, Sender Clock: 262, New Clock: 263 (Drift: 0)
System Time: 2025-03-05 18:39:27,074 - Event: Machine 2 RECEIVED message from Machine 1| Queue Length: 0 | Local Clock: 263, Sender Clock: 264, New Clock: 265 (Drift: 1)
System Time: 2025-03-05 18:39:27,074 - Event: Machine 2 SENT message to machines [1, 3] - Logical Clock: 266
System Time: 2025-03-05 18:39:27,074 - Event: Machine 2 INTERNAL EVENT - Logical Clock: 267
